c:\users\mrb\source\repos\labyrinth_game\muuttuva_labyrintti\debug\vc141.pdb
c:\users\mrb\source\repos\labyrinth_game\muuttuva_labyrintti\debug\vc141.idb
c:\users\mrb\source\repos\labyrinth_game\muuttuva_labyrintti\debug\alustaja.obj
c:\users\mrb\source\repos\labyrinth_game\muuttuva_labyrintti\debug\alustusvirhe.obj
c:\users\mrb\source\repos\labyrinth_game\muuttuva_labyrintti\debug\bittikartta.obj
c:\users\mrb\source\repos\labyrinth_game\muuttuva_labyrintti\debug\esiehtovirhe.obj
c:\users\mrb\source\repos\labyrinth_game\muuttuva_labyrintti\debug\hyodykkeet.obj
c:\users\mrb\source\repos\labyrinth_game\muuttuva_labyrintti\debug\invarianttivirhe.obj
c:\users\mrb\source\repos\labyrinth_game\muuttuva_labyrintti\debug\jalkiehtovirhe.obj
c:\users\mrb\source\repos\labyrinth_game\muuttuva_labyrintti\debug\komentotulkki.obj
c:\users\mrb\source\repos\labyrinth_game\muuttuva_labyrintti\debug\komentovirhe.obj
c:\users\mrb\source\repos\labyrinth_game\muuttuva_labyrintti\debug\koordinaatti.obj
c:\users\mrb\source\repos\labyrinth_game\muuttuva_labyrintti\debug\labyrintti.obj
c:\users\mrb\source\repos\labyrinth_game\muuttuva_labyrintti\debug\logiikkavirhe.obj
c:\users\mrb\source\repos\labyrinth_game\muuttuva_labyrintti\debug\naytto.obj
c:\users\mrb\source\repos\labyrinth_game\muuttuva_labyrintti\debug\nayttovirhe.obj
c:\users\mrb\source\repos\labyrinth_game\muuttuva_labyrintti\debug\rakentaja.obj
c:\users\mrb\source\repos\labyrinth_game\muuttuva_labyrintti\debug\toimintovirhe.obj
c:\users\mrb\source\repos\labyrinth_game\muuttuva_labyrintti\debug\toteuttamaton_virhe.obj
c:\users\mrb\source\repos\labyrinth_game\muuttuva_labyrintti\debug\vaittama.obj
c:\users\mrb\source\repos\labyrinth_game\muuttuva_labyrintti\debug\vaittamavirhe.obj
c:\users\mrb\source\repos\labyrinth_game\muuttuva_labyrintti\debug\virhe.obj
c:\users\mrb\source\repos\labyrinth_game\muuttuva_labyrintti\debug\game.obj
c:\users\mrb\source\repos\labyrinth_game\muuttuva_labyrintti\debug\pelitehdas.obj
c:\users\mrb\source\repos\labyrinth_game\muuttuva_labyrintti\debug\piece.obj
c:\users\mrb\source\repos\labyrinth_game\muuttuva_labyrintti\debug\player.obj
c:\users\mrb\source\repos\labyrinth_game\muuttuva_labyrintti\debug\playeractionstatus.obj
c:\users\mrb\source\repos\labyrinth_game\debug\muuttuva_labyrintti.ilk
c:\users\mrb\source\repos\labyrinth_game\debug\muuttuva_labyrintti.exe
c:\users\mrb\source\repos\labyrinth_game\debug\muuttuva_labyrintti.pdb
c:\users\mrb\source\repos\labyrinth_game\muuttuva_labyrintti\debug\muuttuva.72e273c6.tlog\cl.command.1.tlog
c:\users\mrb\source\repos\labyrinth_game\muuttuva_labyrintti\debug\muuttuva.72e273c6.tlog\cl.read.1.tlog
c:\users\mrb\source\repos\labyrinth_game\muuttuva_labyrintti\debug\muuttuva.72e273c6.tlog\cl.write.1.tlog
c:\users\mrb\source\repos\labyrinth_game\muuttuva_labyrintti\debug\muuttuva.72e273c6.tlog\link.command.1.tlog
c:\users\mrb\source\repos\labyrinth_game\muuttuva_labyrintti\debug\muuttuva.72e273c6.tlog\link.read.1.tlog
c:\users\mrb\source\repos\labyrinth_game\muuttuva_labyrintti\debug\muuttuva.72e273c6.tlog\link.write.1.tlog
